0 info it worked if it ends with ok
1 verbose cli [ '/usr/bin/nodejs',
1 verbose cli   '/usr/bin/npm',
1 verbose cli   'run',
1 verbose cli   'typings',
1 verbose cli   '--',
1 verbose cli   'install',
1 verbose cli   'notifyjs' ]
2 info using npm@3.8.6
3 info using node@v5.11.1
4 verbose run-script [ 'pretypings', 'typings', 'posttypings' ]
5 info lifecycle MCS@0.0.1~pretypings: MCS@0.0.1
6 silly lifecycle MCS@0.0.1~pretypings: no script for pretypings, continuing
7 info lifecycle MCS@0.0.1~typings: MCS@0.0.1
8 verbose lifecycle MCS@0.0.1~typings: unsafe-perm in lifecycle true
9 verbose lifecycle MCS@0.0.1~typings: PATH: /usr/lib/node_modules/npm/bin/node-gyp-bin:/home/felix/Development/Web/MCS-Core Angular2/node_modules/.bin:/usr/bin:/usr/local/sbin:/usr/local/bin:/usr/sbin:/usr/bin:/sbin:/bin:/usr/games:/usr/local/games:/usr/local/go/bin
10 verbose lifecycle MCS@0.0.1~typings: CWD: /home/felix/Development/Web/MCS-Core Angular2
11 silly lifecycle MCS@0.0.1~typings: Args: [ '-c', 'typings "install" "notifyjs"' ]
12 silly lifecycle MCS@0.0.1~typings: Returned: code: 1  signal: null
13 info lifecycle MCS@0.0.1~typings: Failed to exec typings script
14 verbose stack Error: MCS@0.0.1 typings: `typings "install" "notifyjs"`
14 verbose stack Exit status 1
14 verbose stack     at EventEmitter.<anonymous> (/usr/lib/node_modules/npm/lib/utils/lifecycle.js:239:16)
14 verbose stack     at emitTwo (events.js:100:13)
14 verbose stack     at EventEmitter.emit (events.js:185:7)
14 verbose stack     at ChildProcess.<anonymous> (/usr/lib/node_modules/npm/lib/utils/spawn.js:24:14)
14 verbose stack     at emitTwo (events.js:100:13)
14 verbose stack     at ChildProcess.emit (events.js:185:7)
14 verbose stack     at maybeClose (internal/child_process.js:850:16)
14 verbose stack     at Process.ChildProcess._handle.onexit (internal/child_process.js:215:5)
15 verbose pkgid MCS@0.0.1
16 verbose cwd /home/felix/Development/Web/MCS-Core Angular2
17 error Linux 4.4.0-14-generic
18 error argv "/usr/bin/nodejs" "/usr/bin/npm" "run" "typings" "--" "install" "notifyjs"
19 error node v5.11.1
20 error npm  v3.8.6
21 error code ELIFECYCLE
22 error MCS@0.0.1 typings: `typings "install" "notifyjs"`
22 error Exit status 1
23 error Failed at the MCS@0.0.1 typings script 'typings "install" "notifyjs"'.
23 error Make sure you have the latest version of node.js and npm installed.
23 error If you do, this is most likely a problem with the MCS package,
23 error not with npm itself.
23 error Tell the author that this fails on your system:
23 error     typings "install" "notifyjs"
23 error You can get information on how to open an issue for this project with:
23 error     npm bugs MCS
23 error Or if that isn't available, you can get their info via:
23 error     npm owner ls MCS
23 error There is likely additional logging output above.
24 verbose exit [ 1, true ]
